This is pdfTeX, Version 3.14159265-2.6-1.40.21 (MiKTeX 20.10) (preloaded format=pdflatex 2021.2.27)  27 FEB 2021 11:13
entering extended mode
**./main.tex
(main.tex
LaTeX2e <2020-10-01> patch level 1
L3 programming layer <2020-10-05> xparse <2020-03-03>
(C:\Users\Shav\AppData\Local\Programs\MiKTeX\tex/latex/base\article.cls
Document Class: article 2020/04/10 v1.4m Standard LaTeX document class
(C:\Users\Shav\AppData\Local\Programs\MiKTeX\tex/latex/base\size12.clo
File: size12.clo 2020/04/10 v1.4m Standard LaTeX file (size option)
)
\c@part=\count175
\c@section=\count176
\c@subsection=\count177
\c@subsubsection=\count178
\c@paragraph=\count179
\c@subparagraph=\count180
\c@figure=\count181
\c@table=\count182
\abovecaptionskip=\skip47
\belowcaptionskip=\skip48
\bibindent=\dimen138
)
(C:\Users\Shav\AppData\Local\Programs\MiKTeX\tex/latex/tools\multicol.sty
Package: multicol 2019/12/09 v1.8y multicolumn formatting (FMi)
\c@tracingmulticols=\count183
\mult@box=\box47
\multicol@leftmargin=\dimen139
\c@unbalance=\count184
\c@collectmore=\count185
\doublecol@number=\count186
\multicoltolerance=\count187
\multicolpretolerance=\count188
\full@width=\dimen140
\page@free=\dimen141
\premulticols=\dimen142
\postmulticols=\dimen143
\multicolsep=\skip49
\multicolbaselineskip=\skip50
\partial@page=\box48
\last@line=\box49
\maxbalancingoverflow=\dimen144
\mult@rightbox=\box50
\mult@grightbox=\box51
\mult@gfirstbox=\box52
\mult@firstbox=\box53
\@tempa=\box54
\@tempa=\box55
\@tempa=\box56
\@tempa=\box57
\@tempa=\box58
\@tempa=\box59
\@tempa=\box60
\@tempa=\box61
\@tempa=\box62
\@tempa=\box63
\@tempa=\box64
\@tempa=\box65
\@tempa=\box66
\@tempa=\box67
\@tempa=\box68
\@tempa=\box69
\@tempa=\box70
\@tempa=\box71
\@tempa=\box72
\@tempa=\box73
\@tempa=\box74
\@tempa=\box75
\@tempa=\box76
\@tempa=\box77
\@tempa=\box78
\@tempa=\box79
\@tempa=\box80
\@tempa=\box81
\@tempa=\box82
\@tempa=\box83
\@tempa=\box84
\@tempa=\box85
\@tempa=\box86
\@tempa=\box87
\@tempa=\box88
\@tempa=\box89
\@tempa=\box90
\c@minrows=\count189
\c@columnbadness=\count190
\c@finalcolumnbadness=\count191
\last@try=\dimen145
\multicolovershoot=\dimen146
\multicolundershoot=\dimen147
\mult@nat@firstbox=\box91
\colbreak@box=\box92
\mc@col@check@num=\count192
)
(C:\Users\Shav\AppData\Local\Programs\MiKTeX\tex/latex/lipsum\lipsum.sty
(C:\Users\Shav\AppData\Local\Programs\MiKTeX\tex/latex/l3kernel\expl3.sty
Package: expl3 2020-10-05 L3 programming layer (loader) 

(C:\Users\Shav\AppData\Local\Programs\MiKTeX\tex/latex/l3backend\l3backend-pdft
ex.def
File: l3backend-pdftex.def 2020-09-24 L3 backend support: PDF output (pdfTeX)
\l__kernel_color_stack_int=\count193
\l__pdf_internal_box=\box93
))
(C:\Users\Shav\AppData\Local\Programs\MiKTeX\tex/latex/l3packages/xparse\xparse
.sty
Package: xparse 2020-10-05 L3 Experimental document command parser

(C:\Users\Shav\AppData\Local\Programs\MiKTeX\tex/latex/l3packages/xparse\xparse
-generic.tex))
Package: lipsum 2019/01/02 v2.2 150 paragraphs of Lorem Ipsum dummy text

(C:\Users\Shav\AppData\Local\Programs\MiKTeX\tex/latex/lipsum\lipsum.ltd.tex
File: lipsum.ltd.tex 2019/01/02 v2.2 The Lorem ipsum dummy text
))
(C:\Users\Shav\AppData\Local\Programs\MiKTeX\tex/latex/multirow\multirow.sty
Package: multirow 2021/01/29 v2.7 Span multiple rows of a table
\multirow@colwidth=\skip51
\multirow@cntb=\count194
\multirow@dima=\skip52
\bigstrutjot=\dimen148
)
(C:\Users\Shav\AppData\Local\Programs\MiKTeX\tex/latex/geometry\geometry.sty
Package: geometry 2020/01/02 v5.9 Page Geometry

(C:\Users\Shav\AppData\Local\Programs\MiKTeX\tex/latex/graphics\keyval.sty
Package: keyval 2014/10/28 v1.15 key=value parser (DPC)
\KV@toks@=\toks15
)
(C:\Users\Shav\AppData\Local\Programs\MiKTeX\tex/generic/iftex\ifvtex.sty
Package: ifvtex 2019/10/25 v1.7 ifvtex legacy package. Use iftex instead.

(C:\Users\Shav\AppData\Local\Programs\MiKTeX\tex/generic/iftex\iftex.sty
Package: iftex 2020/03/06 v1.0d TeX engine tests
))
\Gm@cnth=\count195
\Gm@cntv=\count196
\c@Gm@tempcnt=\count197
\Gm@bindingoffset=\dimen149
\Gm@wd@mp=\dimen150
\Gm@odd@mp=\dimen151
\Gm@even@mp=\dimen152
\Gm@layoutwidth=\dimen153
\Gm@layoutheight=\dimen154
\Gm@layouthoffset=\dimen155
\Gm@layoutvoffset=\dimen156
\Gm@dimlist=\toks16

(C:\Users\Shav\AppData\Local\Programs\MiKTeX\tex/latex/geometry\geometry.cfg))
(C:\Users\Shav\AppData\Local\Programs\MiKTeX\tex/generic/babel\babel.sty
Package: babel 2020/10/06 3.50 The Babel package

(C:\Users\Shav\AppData\Local\Programs\MiKTeX\tex/generic/babel\babel.def
File: babel.def 2020/10/06 3.50 Babel common definitions
\babel@savecnt=\count198
\U@D=\dimen157
\l@babelnohyphens=\language79

(C:\Users\Shav\AppData\Local\Programs\MiKTeX\tex/generic/babel\txtbabel.def)
\bbl@readstream=\read2
)
\bbl@dirlevel=\count199

*************************************
* Local config file bblopts.cfg used
*
(C:\Users\Shav\AppData\Local\Programs\MiKTeX\tex/latex/arabi\bblopts.cfg
File: bblopts.cfg 2005/09/08 v0.1 add Arabic and Farsi to "declared" options of
 babel
)
(C:\Users\Shav\AppData\Local\Programs\MiKTeX\tex/latex/babel-english\english.ld
f
Language: english 2017/06/06 v3.3r English support from the babel system
Package babel Info: \l@canadian = using hyphenrules for english
(babel)             (\language0) on input line 102.
Package babel Info: \l@australian = using hyphenrules for ukenglish
(babel)             (\language73) on input line 105.
Package babel Info: \l@newzealand = using hyphenrules for ukenglish
(babel)             (\language73) on input line 108.
)) (C:\Users\Shav\AppData\Local\Programs\MiKTeX\tex/latex/base\inputenc.sty
Package: inputenc 2020/08/01 v1.3d Input encoding file
\inpenc@prehook=\toks17
\inpenc@posthook=\toks18

(C:\Users\Shav\AppData\Local\Programs\MiKTeX\tex/latex/ucs\utf8x.def
File: utf8x.def 2004/10/17 UCS: Input encoding UTF-8
))
(C:\Users\Shav\AppData\Local\Programs\MiKTeX\tex/latex/ucs\ucs.sty
Package: ucs 2013/05/11 v2.2 UCS: Unicode input support

(C:\Users\Shav\AppData\Local\Programs\MiKTeX\tex/latex/ucs\uni-global.def
File: uni-global.def 2013/05/13 UCS: Unicode global data
)
\uc@secondtry=\count266
\uc@combtoks=\toks19
\uc@combtoksb=\toks20
\uc@temptokena=\toks21
)
(C:\Users\Shav\AppData\Local\Programs\MiKTeX\tex/latex/base\fontenc.sty
Package: fontenc 2020/08/10 v2.0s Standard LaTeX package
)
(C:\Users\Shav\AppData\Local\Programs\MiKTeX\tex/latex/psnfss\mathptmx.sty
Package: mathptmx 2020/03/25 PSNFSS-v9.3 Times w/ Math, improved (SPQR, WaS) 
LaTeX Font Info:    Redeclaring symbol font `operators' on input line 28.
LaTeX Font Info:    Overwriting symbol font `operators' in version `normal'
(Font)                  OT1/cmr/m/n --> OT1/ztmcm/m/n on input line 28.
LaTeX Font Info:    Overwriting symbol font `operators' in version `bold'
(Font)                  OT1/cmr/bx/n --> OT1/ztmcm/m/n on input line 28.
LaTeX Font Info:    Redeclaring symbol font `letters' on input line 29.
LaTeX Font Info:    Overwriting symbol font `letters' in version `normal'
(Font)                  OML/cmm/m/it --> OML/ztmcm/m/it on input line 29.
LaTeX Font Info:    Overwriting symbol font `letters' in version `bold'
(Font)                  OML/cmm/b/it --> OML/ztmcm/m/it on input line 29.
LaTeX Font Info:    Redeclaring symbol font `symbols' on input line 30.
LaTeX Font Info:    Overwriting symbol font `symbols' in version `normal'
(Font)                  OMS/cmsy/m/n --> OMS/ztmcm/m/n on input line 30.
LaTeX Font Info:    Overwriting symbol font `symbols' in version `bold'
(Font)                  OMS/cmsy/b/n --> OMS/ztmcm/m/n on input line 30.
LaTeX Font Info:    Redeclaring symbol font `largesymbols' on input line 31.
LaTeX Font Info:    Overwriting symbol font `largesymbols' in version `normal'
(Font)                  OMX/cmex/m/n --> OMX/ztmcm/m/n on input line 31.
LaTeX Font Info:    Overwriting symbol font `largesymbols' in version `bold'
(Font)                  OMX/cmex/m/n --> OMX/ztmcm/m/n on input line 31.
\symbold=\mathgroup4
\symitalic=\mathgroup5
LaTeX Font Info:    Redeclaring math alphabet \mathbf on input line 34.
LaTeX Font Info:    Overwriting math alphabet `\mathbf' in version `normal'
(Font)                  OT1/cmr/bx/n --> OT1/ptm/bx/n on input line 34.
LaTeX Font Info:    Overwriting math alphabet `\mathbf' in version `bold'
(Font)                  OT1/cmr/bx/n --> OT1/ptm/bx/n on input line 34.
LaTeX Font Info:    Redeclaring math alphabet \mathit on input line 35.
LaTeX Font Info:    Overwriting math alphabet `\mathit' in version `normal'
(Font)                  OT1/cmr/m/it --> OT1/ptm/m/it on input line 35.
LaTeX Font Info:    Overwriting math alphabet `\mathit' in version `bold'
(Font)                  OT1/cmr/bx/it --> OT1/ptm/m/it on input line 35.
LaTeX Info: Redefining \hbar on input line 50.
)
(C:\Users\Shav\AppData\Local\Programs\MiKTeX\tex/latex/sectsty\sectsty.sty
Package: sectsty 2002/02/25 v2.0.2 Commands to change all sectional heading sty
les


LaTeX Warning: Command \underbar  has changed.
               Check if current package is valid.


LaTeX Warning: Command \underline  has changed.
               Check if current package is valid.

) (C:\Users\Shav\AppData\Local\Programs\MiKTeX\tex/latex/caption\caption.sty
Package: caption 2020/10/26 v3.5g Customizing captions (AR)

(C:\Users\Shav\AppData\Local\Programs\MiKTeX\tex/latex/caption\caption3.sty
Package: caption3 2020/10/21 v2.2e caption3 kernel (AR)
\captionmargin=\dimen158
\captionmargin@=\dimen159
\captionwidth=\dimen160
\caption@tempdima=\dimen161
\caption@indent=\dimen162
\caption@parindent=\dimen163
\caption@hangindent=\dimen164
Package caption Info: Standard document class detected.
)
\c@caption@flags=\count267
\c@continuedfloat=\count268
)
(C:\Users\Shav\AppData\Local\Programs\MiKTeX\tex/latex/tabu\tabu.sty
Package: tabu 2019/01/11 v2.9 - flexible LaTeX tabulars (FC+tabu-fixed)

(C:\Users\Shav\AppData\Local\Programs\MiKTeX\tex/latex/tools\array.sty
Package: array 2019/08/31 v2.4l Tabular extension package (FMi)
\col@sep=\dimen165
\ar@mcellbox=\box94
\extrarowheight=\dimen166
\NC@list=\toks22
\extratabsurround=\skip53
\backup@length=\skip54
\ar@cellbox=\box95
)
(C:\Users\Shav\AppData\Local\Programs\MiKTeX\tex/latex/varwidth\varwidth.sty
Package: varwidth 2009/03/30 ver 0.92;  Variable-width minipages
\@vwid@box=\box96
\sift@deathcycles=\count269
\@vwid@loff=\dimen167
\@vwid@roff=\dimen168
)
\c@taburow=\count270
\tabu@nbcols=\count271
\tabu@cnt=\count272
\tabu@Xcol=\count273
\tabu@alloc=\count274
\tabu@nested=\count275
\tabu@target=\dimen169
\tabu@spreadtarget=\dimen170
\tabu@naturalX=\dimen171
\tabucolX=\dimen172
\tabu@Xsum=\dimen173
\extrarowdepth=\dimen174
\abovetabulinesep=\dimen175
\belowtabulinesep=\dimen176
\tabustrutrule=\dimen177
\tabu@thebody=\toks23
\tabu@footnotes=\toks24
\tabu@box=\box97
\tabu@arstrutbox=\box98
\tabu@hleads=\box99
\tabu@vleads=\box100
\tabu@cellskip=\skip55
)
(C:\Users\Shav\AppData\Local\Programs\MiKTeX\tex/latex/biblatex\biblatex.sty
Package: biblatex 2020/08/23 v3.15a programmable bibliographies (PK/MW)

(C:\Users\Shav\AppData\Local\Programs\MiKTeX\tex/generic/pdftexcmds\pdftexcmds.
sty
Package: pdftexcmds 2020-06-27 v0.33 Utility functions of pdfTeX for LuaTeX (HO
)

(C:\Users\Shav\AppData\Local\Programs\MiKTeX\tex/generic/infwarerr\infwarerr.st
y
Package: infwarerr 2019/12/03 v1.5 Providing info/warning/error messages (HO)
) (C:\Users\Shav\AppData\Local\Programs\MiKTeX\tex/generic/ltxcmds\ltxcmds.sty
Package: ltxcmds 2020-05-10 v1.25 LaTeX kernel commands for general use (HO)
)
Package pdftexcmds Info: \pdf@primitive is available.
Package pdftexcmds Info: \pdf@ifprimitive is available.
Package pdftexcmds Info: \pdfdraftmode found.
) (C:\Users\Shav\AppData\Local\Programs\MiKTeX\tex/latex/etoolbox\etoolbox.sty
Package: etoolbox 2020/10/05 v2.5k e-TeX tools for LaTeX (JAW)
\etb@tempcnta=\count276
)
(C:\Users\Shav\AppData\Local\Programs\MiKTeX\tex/latex/kvoptions\kvoptions.sty
Package: kvoptions 2020-10-07 v3.14 Key value format for package options (HO)

(C:\Users\Shav\AppData\Local\Programs\MiKTeX\tex/generic/kvsetkeys\kvsetkeys.st
y
Package: kvsetkeys 2019/12/15 v1.18 Key value parser (HO)
)) (C:\Users\Shav\AppData\Local\Programs\MiKTeX\tex/latex/logreq\logreq.sty
Package: logreq 2010/08/04 v1.0 xml request logger
\lrq@indent=\count277

(C:\Users\Shav\AppData\Local\Programs\MiKTeX\tex/latex/logreq\logreq.def
File: logreq.def 2010/08/04 v1.0 logreq spec v1.0
))
(C:\Users\Shav\AppData\Local\Programs\MiKTeX\tex/latex/base\ifthen.sty
Package: ifthen 2014/09/29 v1.1c Standard LaTeX ifthen package (DPC)
)
(C:\Users\Shav\AppData\Local\Programs\MiKTeX\tex/latex/url\url.sty
\Urlmuskip=\muskip16
Package: url 2013/09/16  ver 3.4  Verb mode for urls, etc.
)

! Package biblatex Error: Incompatible package 'ucs'.

See the biblatex package documentation for explanation.
Type  H <return>  for immediate help.
 ...                                              
                                                  
l.188 \blx@packageincompatibility
                                 
The 'ucs' package and biblatex are incompatible.

\c@tabx@nest=\count278
\c@listtotal=\count279
\c@listcount=\count280
\c@liststart=\count281
\c@liststop=\count282
\c@citecount=\count283
\c@citetotal=\count284
\c@multicitecount=\count285
\c@multicitetotal=\count286
\c@instcount=\count287
\c@maxnames=\count288
\c@minnames=\count289
\c@maxitems=\count290
\c@minitems=\count291
\c@citecounter=\count292
\c@maxcitecounter=\count293
\c@savedcitecounter=\count294
\c@uniquelist=\count295
\c@uniquename=\count296
\c@refsection=\count297
\c@refsegment=\count298
\c@maxextratitle=\count299
\c@maxextratitleyear=\count300
\c@maxextraname=\count301
\c@maxextradate=\count302
\c@maxextraalpha=\count303
\c@abbrvpenalty=\count304
\c@highnamepenalty=\count305
\c@lownamepenalty=\count306
\c@maxparens=\count307
\c@parenlevel=\count308
\blx@tempcnta=\count309
\blx@tempcntb=\count310
\blx@tempcntc=\count311
\blx@maxsection=\count312
\blx@maxsegment@0=\count313
\blx@notetype=\count314
\blx@parenlevel@text=\count315
\blx@parenlevel@foot=\count316
\blx@sectionciteorder@0=\count317
\blx@entrysetcounter=\count318
\blx@biblioinstance=\count319
\labelnumberwidth=\skip56
\labelalphawidth=\skip57
\biblabelsep=\skip58
\bibitemsep=\skip59
\bibnamesep=\skip60
\bibinitsep=\skip61
\bibparsep=\skip62
\bibhang=\skip63
\blx@bcfin=\read3
\blx@bcfout=\write3
\blx@langwohyphens=\language80
\c@mincomprange=\count320
\c@maxcomprange=\count321
\c@mincompwidth=\count322
Package biblatex Info: Trying to load biblatex default data model...
Package biblatex Info: ... file 'blx-dm.def' found.
(C:\Users\Shav\AppData\Local\Programs\MiKTeX\tex/latex/biblatex\blx-dm.def
File: blx-dm.def 2020/08/23 v3.15a biblatex localization (PK/MW)
)
Package biblatex Info: Trying to load biblatex style data model...
Package biblatex Info: ... file 'nature.dbx' not found.
Package biblatex Info: Trying to load biblatex custom data model...
Package biblatex Info: ... file 'biblatex-dm.cfg' not found.
\c@afterword=\count323
\c@savedafterword=\count324
\c@annotator=\count325
\c@savedannotator=\count326
\c@author=\count327
\c@savedauthor=\count328
\c@bookauthor=\count329
\c@savedbookauthor=\count330
\c@commentator=\count331
\c@savedcommentator=\count332
\c@editor=\count333
\c@savededitor=\count334
\c@editora=\count335
\c@savededitora=\count336
\c@editorb=\count337
\c@savededitorb=\count338
\c@editorc=\count339
\c@savededitorc=\count340
\c@foreword=\count341
\c@savedforeword=\count342
\c@holder=\count343
\c@savedholder=\count344
\c@introduction=\count345
\c@savedintroduction=\count346
\c@namea=\count347
\c@savednamea=\count348
\c@nameb=\count349
\c@savednameb=\count350
\c@namec=\count351
\c@savednamec=\count352
\c@translator=\count353
\c@savedtranslator=\count354
\c@shortauthor=\count355
\c@savedshortauthor=\count356
\c@shorteditor=\count357
\c@savedshorteditor=\count358
\c@labelname=\count359
\c@savedlabelname=\count360
\c@institution=\count361
\c@savedinstitution=\count362
\c@lista=\count363
\c@savedlista=\count364
\c@listb=\count365
\c@savedlistb=\count366
\c@listc=\count367
\c@savedlistc=\count368
\c@listd=\count369
\c@savedlistd=\count370
\c@liste=\count371
\c@savedliste=\count372
\c@listf=\count373
\c@savedlistf=\count374
\c@location=\count375
\c@savedlocation=\count376
\c@organization=\count377
\c@savedorganization=\count378
\c@origlocation=\count379
\c@savedoriglocation=\count380
\c@origpublisher=\count381
\c@savedorigpublisher=\count382
\c@publisher=\count383
\c@savedpublisher=\count384
\c@language=\count385
\c@savedlanguage=\count386
\c@origlanguage=\count387
\c@savedoriglanguage=\count388
\c@pageref=\count389
\c@savedpageref=\count390
\shorthandwidth=\skip64
\shortjournalwidth=\skip65
\shortserieswidth=\skip66
\shorttitlewidth=\skip67
\shortauthorwidth=\skip68
\shorteditorwidth=\skip69
\locallabelnumberwidth=\skip70
\locallabelalphawidth=\skip71
\localshorthandwidth=\skip72
\localshortjournalwidth=\skip73
\localshortserieswidth=\skip74
\localshorttitlewidth=\skip75
\localshortauthorwidth=\skip76
\localshorteditorwidth=\skip77
Package biblatex Info: Trying to load compatibility code...
Package biblatex Info: ... file 'blx-compat.def' found.

(C:\Users\Shav\AppData\Local\Programs\MiKTeX\tex/latex/biblatex\blx-compat.def
File: blx-compat.def 2020/08/23 v3.15a biblatex compatibility (PK/MW)
)
Package biblatex Info: expl3
(biblatex)             2020-10-05 L3 programming layer (loader) 
(biblatex)             is new enough (at least 2020/04/06),
(biblatex)             setting 'casechanger=expl3'.
Package biblatex Info: Trying to load expl3 case changing code...
Package biblatex Info: ... file 'blx-case-expl3.def' found.

(C:\Users\Shav\AppData\Local\Programs\MiKTeX\tex/latex/biblatex\blx-case-expl3.
def
File: blx-case-expl3 2020/08/23 v3.15a expl3 case changing code for biblatex
)
Package biblatex Info: Trying to load generic definitions...
Package biblatex Info: ... file 'biblatex.def' found.

(C:\Users\Shav\AppData\Local\Programs\MiKTeX\tex/latex/biblatex\biblatex.def
File: biblatex.def 2020/08/23 v3.15a biblatex compatibility (PK/MW)
\c@textcitecount=\count391
\c@textcitetotal=\count392
\c@textcitemaxnames=\count393
\c@biburlbigbreakpenalty=\count394
\c@biburlbreakpenalty=\count395
\c@biburlnumpenalty=\count396
\c@biburlucpenalty=\count397
\c@biburllcpenalty=\count398
\biburlbigskip=\muskip17
\biburlnumskip=\muskip18
\biburlucskip=\muskip19
\biburllcskip=\muskip20
\c@smartand=\count399
)
Package biblatex Info: Trying to load bibliography style 'nature'...
Package biblatex Info: ... file 'nature.bbx' found.

(C:\Users\Shav\AppData\Local\Programs\MiKTeX\tex/latex/biblatex-nature\nature.b
bx
File: nature.bbx 2020/12/30 v1.3d biblatex bibliography style
Package biblatex Info: Trying to load bibliography style 'numeric-comp'...
Package biblatex Info: ... file 'numeric-comp.bbx' found.

(C:\Users\Shav\AppData\Local\Programs\MiKTeX\tex/latex/biblatex/bbx\numeric-com
p.bbx
File: numeric-comp.bbx 2020/08/23 v3.15a biblatex bibliography style (PK/MW)
Package biblatex Info: Trying to load bibliography style 'numeric'...
Package biblatex Info: ... file 'numeric.bbx' found.

(C:\Users\Shav\AppData\Local\Programs\MiKTeX\tex/latex/biblatex/bbx\numeric.bbx
File: numeric.bbx 2020/08/23 v3.15a biblatex bibliography style (PK/MW)
Package biblatex Info: Trying to load bibliography style 'standard'...
Package biblatex Info: ... file 'standard.bbx' found.

(C:\Users\Shav\AppData\Local\Programs\MiKTeX\tex/latex/biblatex/bbx\standard.bb
x
File: standard.bbx 2020/08/23 v3.15a biblatex bibliography style (PK/MW)
\c@bbx:relatedcount=\count400
\c@bbx:relatedtotal=\count401
))))
Package biblatex Info: Trying to load citation style 'numeric-comp'...
Package biblatex Info: ... file 'numeric-comp.cbx' found.

(C:\Users\Shav\AppData\Local\Programs\MiKTeX\tex/latex/biblatex/cbx\numeric-com
p.cbx
File: numeric-comp.cbx 2020/08/23 v3.15a biblatex citation style (PK/MW)
\c@cbx@tempcnta=\count402
\c@cbx@tempcntb=\count403
\c@cbx@tempcntc=\count404
\c@cbx@tempcntd=\count405
Package biblatex Info: Redefining '\cite'.
Package biblatex Info: Redefining '\parencite'.
Package biblatex Info: Redefining '\footcite'.
Package biblatex Info: Redefining '\footcitetext'.
Package biblatex Info: Redefining '\smartcite'.
Package biblatex Info: Redefining '\supercite'.
Package biblatex Info: Redefining '\textcite'.
Package biblatex Info: Redefining '\textcites'.
Package biblatex Info: Redefining '\cites'.
Package biblatex Info: Redefining '\parencites'.
Package biblatex Info: Redefining '\smartcites'.
)
Package biblatex Info: Trying to load configuration file...
Package biblatex Info: ... file 'biblatex.cfg' found.

(C:\Users\Shav\AppData\Local\Programs\MiKTeX\tex/latex/biblatex\biblatex.cfg
File: biblatex.cfg 
))
(C:\Users\Shav\AppData\Local\Programs\MiKTeX\tex/latex/preprint\authblk.sty
Package: authblk 2001/02/27 1.3 (PWD)
\affilsep=\skip78
\@affilsep=\skip79
\c@Maxaffil=\count406
\c@authors=\count407
\c@affil=\count408
)

! LaTeX Error: Option clash for package babel.

See the LaTeX manual or LaTeX Companion for explanation.
Type  H <return>  for immediate help.
 ...                                              
                                                  
l.27 \usepackage
                [colorlinks,linkcolor=black,citecolor=black,urlcolor=black]{...

The package babel has already been loaded with options:
  [english]
There has now been an attempt to load it with options
  [british]
Adding the global options:
  english,british
to your \documentclass declaration may fix this.
Try typing  <return>  to proceed.

(C:\Users\Shav\AppData\Local\Programs\MiKTeX\tex/latex/hyperref\hyperref.sty
Package: hyperref 2020-05-15 v7.00e Hypertext links for LaTeX

(C:\Users\Shav\AppData\Local\Programs\MiKTeX\tex/generic/kvdefinekeys\kvdefinek
eys.sty
Package: kvdefinekeys 2019-12-19 v1.6 Define keys (HO)
)
(C:\Users\Shav\AppData\Local\Programs\MiKTeX\tex/generic/pdfescape\pdfescape.st
y
Package: pdfescape 2019/12/09 v1.15 Implements pdfTeX's escape features (HO)
) (C:\Users\Shav\AppData\Local\Programs\MiKTeX\tex/latex/hycolor\hycolor.sty
Package: hycolor 2020-01-27 v1.10 Color options for hyperref/bookmark (HO)
)
(C:\Users\Shav\AppData\Local\Programs\MiKTeX\tex/latex/letltxmacro\letltxmacro.
sty
Package: letltxmacro 2019/12/03 v1.6 Let assignment for LaTeX macros (HO)
) (C:\Users\Shav\AppData\Local\Programs\MiKTeX\tex/latex/auxhook\auxhook.sty
Package: auxhook 2019-12-17 v1.6 Hooks for auxiliary files (HO)
)
\@linkdim=\dimen178
\Hy@linkcounter=\count409
\Hy@pagecounter=\count410
 (C:\Users\Shav\AppData\Local\Programs\MiKTeX\tex/latex/hyperref\pd1enc.def
File: pd1enc.def 2020-05-15 v7.00e Hyperref: PDFDocEncoding definition (HO)
)
(C:\Users\Shav\AppData\Local\Programs\MiKTeX\tex/generic/intcalc\intcalc.sty
Package: intcalc 2019/12/15 v1.3 Expandable calculations with integers (HO)
)
(C:\Users\Shav\AppData\Local\Programs\MiKTeX\tex/generic/etexcmds\etexcmds.sty
Package: etexcmds 2019/12/15 v1.7 Avoid name clashes with e-TeX commands (HO)
)
\Hy@SavedSpaceFactor=\count411
Package hyperref Info: Option `colorlinks' set `true' on input line 4338.
Package hyperref Info: Hyper figures OFF on input line 4464.
Package hyperref Info: Link nesting OFF on input line 4469.
Package hyperref Info: Hyper index ON on input line 4472.
Package hyperref Info: Plain pages OFF on input line 4479.
Package hyperref Info: Backreferencing OFF on input line 4484.
Package hyperref Info: Implicit mode ON; LaTeX internals redefined.
Package hyperref Info: Bookmarks ON on input line 4717.
\c@Hy@tempcnt=\count412
LaTeX Info: Redefining \url on input line 5076.
\XeTeXLinkMargin=\dimen179
(C:\Users\Shav\AppData\Local\Programs\MiKTeX\tex/generic/bitset\bitset.sty
Package: bitset 2019/12/09 v1.3 Handle bit-vector datatype (HO)

(C:\Users\Shav\AppData\Local\Programs\MiKTeX\tex/generic/bigintcalc\bigintcalc.
sty
Package: bigintcalc 2019/12/15 v1.5 Expandable calculations on big integers (HO
)
))
\Fld@menulength=\count413
\Field@Width=\dimen180
\Fld@charsize=\dimen181
Package hyperref Info: Hyper figures OFF on input line 6347.
Package hyperref Info: Link nesting OFF on input line 6352.
Package hyperref Info: Hyper index ON on input line 6355.
Package hyperref Info: backreferencing OFF on input line 6362.
Package hyperref Info: Link coloring ON on input line 6365.
Package hyperref Info: Link coloring with OCG OFF on input line 6372.
Package hyperref Info: PDF/A mode OFF on input line 6377.
LaTeX Info: Redefining \ref on input line 6417.
LaTeX Info: Redefining \pageref on input line 6421.

(C:\Users\Shav\AppData\Local\Programs\MiKTeX\tex/latex/base\atbegshi-ltx.sty
Package: atbegshi-ltx 2020/08/17 v1.0a Emulation of the original atbegshi packa
ge
with kernel methods
)
\Hy@abspage=\count414
\c@Item=\count415
\c@Hfootnote=\count416
)
Package hyperref Info: Driver (autodetected): hpdftex.

(C:\Users\Shav\AppData\Local\Programs\MiKTeX\tex/latex/hyperref\hpdftex.def
File: hpdftex.def 2020-05-15 v7.00e Hyperref driver for pdfTeX

(C:\Users\Shav\AppData\Local\Programs\MiKTeX\tex/latex/base\atveryend-ltx.sty
Package: atveryend-ltx 2020/08/19 v1.0a Emulation of the original atvery packag
e
with kernel methods
)
\Fld@listcount=\count417
\c@bookmark@seq@number=\count418

(C:\Users\Shav\AppData\Local\Programs\MiKTeX\tex/latex/rerunfilecheck\rerunfile
check.sty
Package: rerunfilecheck 2019/12/05 v1.9 Rerun checks for auxiliary files (HO)

(C:\Users\Shav\AppData\Local\Programs\MiKTeX\tex/generic/uniquecounter\uniqueco
unter.sty
Package: uniquecounter 2019/12/15 v1.4 Provide unlimited unique counter (HO)
)
Package uniquecounter Info: New unique counter `rerunfilecheck' on input line 2
86.
)
\Hy@SectionHShift=\skip80
)
(C:\Users\Shav\AppData\Local\Programs\MiKTeX\tex/latex/caption\subcaption.sty
Package: subcaption 2020/10/07 v1.3j Sub-captions (AR)
\c@subfigure=\count419
\c@subtable=\count420
)
(C:\Users\Shav\AppData\Local\Programs\MiKTeX\tex/latex/chemformula\chemformula.
sty
(C:\Users\Shav\AppData\Local\Programs\MiKTeX\tex/latex/pgf/frontendlayer\tikz.s
ty
(C:\Users\Shav\AppData\Local\Programs\MiKTeX\tex/latex/pgf/basiclayer\pgf.sty
(C:\Users\Shav\AppData\Local\Programs\MiKTeX\tex/latex/pgf/utilities\pgfrcs.sty

(C:\Users\Shav\AppData\Local\Programs\MiKTeX\tex/generic/pgf/utilities\pgfutil-
common.tex
\pgfutil@everybye=\toks25
\pgfutil@tempdima=\dimen182
\pgfutil@tempdimb=\dimen183

(C:\Users\Shav\AppData\Local\Programs\MiKTeX\tex/generic/pgf/utilities\pgfutil-
common-lists.tex))
(C:\Users\Shav\AppData\Local\Programs\MiKTeX\tex/generic/pgf/utilities\pgfutil-
latex.def
\pgfutil@abb=\box101
)
(C:\Users\Shav\AppData\Local\Programs\MiKTeX\tex/generic/pgf/utilities\pgfrcs.c
ode.tex
(C:\Users\Shav\AppData\Local\Programs\MiKTeX\tex/generic/pgf\pgf.revision.tex)
Package: pgfrcs 2020/10/01 v3.1.6a (3.1.6a)
))
Package: pgf 2020/10/01 v3.1.6a (3.1.6a)

(C:\Users\Shav\AppData\Local\Programs\MiKTeX\tex/latex/pgf/basiclayer\pgfcore.s
ty (C:\Users\Shav\AppData\Local\Programs\MiKTeX\tex/latex/graphics\graphicx.sty
Package: graphicx 2020/09/09 v1.2b Enhanced LaTeX Graphics (DPC,SPQR)
(C:\Users\Shav\AppData\Local\Programs\MiKTeX\tex/latex/graphics\graphics.sty
Package: graphics 2020/08/30 v1.4c Standard LaTeX Graphics (DPC,SPQR)

(C:\Users\Shav\AppData\Local\Programs\MiKTeX\tex/latex/graphics\trig.sty
Package: trig 2016/01/03 v1.10 sin cos tan (DPC)
)
(C:\Users\Shav\AppData\Local\Programs\MiKTeX\tex/latex/graphics-cfg\graphics.cf
g
File: graphics.cfg 2016/06/04 v1.11 sample graphics configuration
)
Package graphics Info: Driver file: pdftex.def on input line 105.

(C:\Users\Shav\AppData\Local\Programs\MiKTeX\tex/latex/graphics-def\pdftex.def
File: pdftex.def 2020/10/05 v1.2a Graphics/color driver for pdftex
))
\Gin@req@height=\dimen184
\Gin@req@width=\dimen185
)
(C:\Users\Shav\AppData\Local\Programs\MiKTeX\tex/latex/pgf/systemlayer\pgfsys.s
ty
(C:\Users\Shav\AppData\Local\Programs\MiKTeX\tex/generic/pgf/systemlayer\pgfsys
.code.tex
Package: pgfsys 2020/10/01 v3.1.6a (3.1.6a)

(C:\Users\Shav\AppData\Local\Programs\MiKTeX\tex/generic/pgf/utilities\pgfkeys.
code.tex
\pgfkeys@pathtoks=\toks26
\pgfkeys@temptoks=\toks27

(C:\Users\Shav\AppData\Local\Programs\MiKTeX\tex/generic/pgf/utilities\pgfkeysf
iltered.code.tex
\pgfkeys@tmptoks=\toks28
))
\pgf@x=\dimen186
\pgf@y=\dimen187
\pgf@xa=\dimen188
\pgf@ya=\dimen189
\pgf@xb=\dimen190
\pgf@yb=\dimen191
\pgf@xc=\dimen192
\pgf@yc=\dimen193
\pgf@xd=\dimen194
\pgf@yd=\dimen195
\w@pgf@writea=\write4
\r@pgf@reada=\read4
\c@pgf@counta=\count421
\c@pgf@countb=\count422
\c@pgf@countc=\count423
\c@pgf@countd=\count424
\t@pgf@toka=\toks29
\t@pgf@tokb=\toks30
\t@pgf@tokc=\toks31
\pgf@sys@id@count=\count425

(C:\Users\Shav\AppData\Local\Programs\MiKTeX\tex/generic/pgf/systemlayer\pgf.cf
g
File: pgf.cfg 2020/10/01 v3.1.6a (3.1.6a)
)
Driver file for pgf: pgfsys-pdftex.def

(C:\Users\Shav\AppData\Local\Programs\MiKTeX\tex/generic/pgf/systemlayer\pgfsys
-pdftex.def
File: pgfsys-pdftex.def 2020/10/01 v3.1.6a (3.1.6a)

(C:\Users\Shav\AppData\Local\Programs\MiKTeX\tex/generic/pgf/systemlayer\pgfsys
-common-pdf.def
File: pgfsys-common-pdf.def 2020/10/01 v3.1.6a (3.1.6a)
)))
(C:\Users\Shav\AppData\Local\Programs\MiKTeX\tex/generic/pgf/systemlayer\pgfsys
softpath.code.tex
File: pgfsyssoftpath.code.tex 2020/10/01 v3.1.6a (3.1.6a)
\pgfsyssoftpath@smallbuffer@items=\count426
\pgfsyssoftpath@bigbuffer@items=\count427
)
(C:\Users\Shav\AppData\Local\Programs\MiKTeX\tex/generic/pgf/systemlayer\pgfsys
protocol.code.tex
File: pgfsysprotocol.code.tex 2020/10/01 v3.1.6a (3.1.6a)
))
(C:\Users\Shav\AppData\Local\Programs\MiKTeX\tex/latex/xcolor\xcolor.sty
Package: xcolor 2016/05/11 v2.12 LaTeX color extensions (UK)

(C:\Users\Shav\AppData\Local\Programs\MiKTeX\tex/latex/graphics-cfg\color.cfg
File: color.cfg 2016/01/02 v1.6 sample color configuration
)
Package xcolor Info: Driver file: pdftex.def on input line 225.
Package xcolor Info: Model `cmy' substituted by `cmy0' on input line 1348.
Package xcolor Info: Model `hsb' substituted by `rgb' on input line 1352.
Package xcolor Info: Model `RGB' extended on input line 1364.
Package xcolor Info: Model `HTML' substituted by `rgb' on input line 1366.
Package xcolor Info: Model `Hsb' substituted by `hsb' on input line 1367.
Package xcolor Info: Model `tHsb' substituted by `hsb' on input line 1368.
Package xcolor Info: Model `HSB' substituted by `hsb' on input line 1369.
Package xcolor Info: Model `Gray' substituted by `gray' on input line 1370.
Package xcolor Info: Model `wave' substituted by `hsb' on input line 1371.
)
(C:\Users\Shav\AppData\Local\Programs\MiKTeX\tex/generic/pgf/basiclayer\pgfcore
.code.tex
Package: pgfcore 2020/10/01 v3.1.6a (3.1.6a)

(C:\Users\Shav\AppData\Local\Programs\MiKTeX\tex/generic/pgf/math\pgfmath.code.
tex
(C:\Users\Shav\AppData\Local\Programs\MiKTeX\tex/generic/pgf/math\pgfmathcalc.c
ode.tex
(C:\Users\Shav\AppData\Local\Programs\MiKTeX\tex/generic/pgf/math\pgfmathutil.c
ode.tex)
(C:\Users\Shav\AppData\Local\Programs\MiKTeX\tex/generic/pgf/math\pgfmathparser
.code.tex
\pgfmath@dimen=\dimen196
\pgfmath@count=\count428
\pgfmath@box=\box102
\pgfmath@toks=\toks32
\pgfmath@stack@operand=\toks33
\pgfmath@stack@operation=\toks34
)
(C:\Users\Shav\AppData\Local\Programs\MiKTeX\tex/generic/pgf/math\pgfmathfuncti
ons.code.tex
(C:\Users\Shav\AppData\Local\Programs\MiKTeX\tex/generic/pgf/math\pgfmathfuncti
ons.basic.code.tex)
(C:\Users\Shav\AppData\Local\Programs\MiKTeX\tex/generic/pgf/math\pgfmathfuncti
ons.trigonometric.code.tex)
(C:\Users\Shav\AppData\Local\Programs\MiKTeX\tex/generic/pgf/math\pgfmathfuncti
ons.random.code.tex)
(C:\Users\Shav\AppData\Local\Programs\MiKTeX\tex/generic/pgf/math\pgfmathfuncti
ons.comparison.code.tex)
(C:\Users\Shav\AppData\Local\Programs\MiKTeX\tex/generic/pgf/math\pgfmathfuncti
ons.base.code.tex)
(C:\Users\Shav\AppData\Local\Programs\MiKTeX\tex/generic/pgf/math\pgfmathfuncti
ons.round.code.tex)
(C:\Users\Shav\AppData\Local\Programs\MiKTeX\tex/generic/pgf/math\pgfmathfuncti
ons.misc.code.tex)
(C:\Users\Shav\AppData\Local\Programs\MiKTeX\tex/generic/pgf/math\pgfmathfuncti
ons.integerarithmetics.code.tex)))
(C:\Users\Shav\AppData\Local\Programs\MiKTeX\tex/generic/pgf/math\pgfmathfloat.
code.tex
\c@pgfmathroundto@lastzeros=\count429
))
(C:\Users\Shav\AppData\Local\Programs\MiKTeX\tex/generic/pgf/math\pgfint.code.t
ex)
(C:\Users\Shav\AppData\Local\Programs\MiKTeX\tex/generic/pgf/basiclayer\pgfcore
points.code.tex
File: pgfcorepoints.code.tex 2020/10/01 v3.1.6a (3.1.6a)
\pgf@picminx=\dimen197
\pgf@picmaxx=\dimen198
\pgf@picminy=\dimen199
\pgf@picmaxy=\dimen256
\pgf@pathminx=\dimen257
\pgf@pathmaxx=\dimen258
\pgf@pathminy=\dimen259
\pgf@pathmaxy=\dimen260
\pgf@xx=\dimen261
\pgf@xy=\dimen262
\pgf@yx=\dimen263
\pgf@yy=\dimen264
\pgf@zx=\dimen265
\pgf@zy=\dimen266
)
(C:\Users\Shav\AppData\Local\Programs\MiKTeX\tex/generic/pgf/basiclayer\pgfcore
pathconstruct.code.tex
File: pgfcorepathconstruct.code.tex 2020/10/01 v3.1.6a (3.1.6a)
\pgf@path@lastx=\dimen267
\pgf@path@lasty=\dimen268
)
(C:\Users\Shav\AppData\Local\Programs\MiKTeX\tex/generic/pgf/basiclayer\pgfcore
pathusage.code.tex
File: pgfcorepathusage.code.tex 2020/10/01 v3.1.6a (3.1.6a)
\pgf@shorten@end@additional=\dimen269
\pgf@shorten@start@additional=\dimen270
)
(C:\Users\Shav\AppData\Local\Programs\MiKTeX\tex/generic/pgf/basiclayer\pgfcore
scopes.code.tex
File: pgfcorescopes.code.tex 2020/10/01 v3.1.6a (3.1.6a)
\pgfpic=\box103
\pgf@hbox=\box104
\pgf@layerbox@main=\box105
\pgf@picture@serial@count=\count430
)
(C:\Users\Shav\AppData\Local\Programs\MiKTeX\tex/generic/pgf/basiclayer\pgfcore
graphicstate.code.tex
File: pgfcoregraphicstate.code.tex 2020/10/01 v3.1.6a (3.1.6a)
\pgflinewidth=\dimen271
)
(C:\Users\Shav\AppData\Local\Programs\MiKTeX\tex/generic/pgf/basiclayer\pgfcore
transformations.code.tex
File: pgfcoretransformations.code.tex 2020/10/01 v3.1.6a (3.1.6a)
\pgf@pt@x=\dimen272
\pgf@pt@y=\dimen273
\pgf@pt@temp=\dimen274
)
(C:\Users\Shav\AppData\Local\Programs\MiKTeX\tex/generic/pgf/basiclayer\pgfcore
quick.code.tex
File: pgfcorequick.code.tex 2020/10/01 v3.1.6a (3.1.6a)
)
(C:\Users\Shav\AppData\Local\Programs\MiKTeX\tex/generic/pgf/basiclayer\pgfcore
objects.code.tex
File: pgfcoreobjects.code.tex 2020/10/01 v3.1.6a (3.1.6a)
)
(C:\Users\Shav\AppData\Local\Programs\MiKTeX\tex/generic/pgf/basiclayer\pgfcore
pathprocessing.code.tex
File: pgfcorepathprocessing.code.tex 2020/10/01 v3.1.6a (3.1.6a)
)
(C:\Users\Shav\AppData\Local\Programs\MiKTeX\tex/generic/pgf/basiclayer\pgfcore
arrows.code.tex
File: pgfcorearrows.code.tex 2020/10/01 v3.1.6a (3.1.6a)
\pgfarrowsep=\dimen275
)
(C:\Users\Shav\AppData\Local\Programs\MiKTeX\tex/generic/pgf/basiclayer\pgfcore
shade.code.tex
File: pgfcoreshade.code.tex 2020/10/01 v3.1.6a (3.1.6a)
\pgf@max=\dimen276
\pgf@sys@shading@range@num=\count431
\pgf@shadingcount=\count432
)
(C:\Users\Shav\AppData\Local\Programs\MiKTeX\tex/generic/pgf/basiclayer\pgfcore
image.code.tex
File: pgfcoreimage.code.tex 2020/10/01 v3.1.6a (3.1.6a)

(C:\Users\Shav\AppData\Local\Programs\MiKTeX\tex/generic/pgf/basiclayer\pgfcore
external.code.tex
File: pgfcoreexternal.code.tex 2020/10/01 v3.1.6a (3.1.6a)
\pgfexternal@startupbox=\box106
))
(C:\Users\Shav\AppData\Local\Programs\MiKTeX\tex/generic/pgf/basiclayer\pgfcore
layers.code.tex
File: pgfcorelayers.code.tex 2020/10/01 v3.1.6a (3.1.6a)
)
(C:\Users\Shav\AppData\Local\Programs\MiKTeX\tex/generic/pgf/basiclayer\pgfcore
transparency.code.tex
File: pgfcoretransparency.code.tex 2020/10/01 v3.1.6a (3.1.6a)
)
(C:\Users\Shav\AppData\Local\Programs\MiKTeX\tex/generic/pgf/basiclayer\pgfcore
patterns.code.tex
File: pgfcorepatterns.code.tex 2020/10/01 v3.1.6a (3.1.6a)
)
(C:\Users\Shav\AppData\Local\Programs\MiKTeX\tex/generic/pgf/basiclayer\pgfcore
rdf.code.tex
File: pgfcorerdf.code.tex 2020/10/01 v3.1.6a (3.1.6a)
)))
(C:\Users\Shav\AppData\Local\Programs\MiKTeX\tex/generic/pgf/modules\pgfmodules
hapes.code.tex
File: pgfmoduleshapes.code.tex 2020/10/01 v3.1.6a (3.1.6a)
\pgfnodeparttextbox=\box107
)
(C:\Users\Shav\AppData\Local\Programs\MiKTeX\tex/generic/pgf/modules\pgfmodulep
lot.code.tex
File: pgfmoduleplot.code.tex 2020/10/01 v3.1.6a (3.1.6a)
)
(C:\Users\Shav\AppData\Local\Programs\MiKTeX\tex/latex/pgf/compatibility\pgfcom
p-version-0-65.sty
Package: pgfcomp-version-0-65 2020/10/01 v3.1.6a (3.1.6a)
\pgf@nodesepstart=\dimen277
\pgf@nodesepend=\dimen278
)
(C:\Users\Shav\AppData\Local\Programs\MiKTeX\tex/latex/pgf/compatibility\pgfcom
p-version-1-18.sty
Package: pgfcomp-version-1-18 2020/10/01 v3.1.6a (3.1.6a)
))
(C:\Users\Shav\AppData\Local\Programs\MiKTeX\tex/latex/pgf/utilities\pgffor.sty

(C:\Users\Shav\AppData\Local\Programs\MiKTeX\tex/latex/pgf/utilities\pgfkeys.st
y
(C:\Users\Shav\AppData\Local\Programs\MiKTeX\tex/generic/pgf/utilities\pgfkeys.
code.tex))
(C:\Users\Shav\AppData\Local\Programs\MiKTeX\tex/latex/pgf/math\pgfmath.sty
(C:\Users\Shav\AppData\Local\Programs\MiKTeX\tex/generic/pgf/math\pgfmath.code.
tex))
(C:\Users\Shav\AppData\Local\Programs\MiKTeX\tex/generic/pgf/utilities\pgffor.c
ode.tex
Package: pgffor 2020/10/01 v3.1.6a (3.1.6a)

(C:\Users\Shav\AppData\Local\Programs\MiKTeX\tex/generic/pgf/math\pgfmath.code.
tex)
\pgffor@iter=\dimen279
\pgffor@skip=\dimen280
\pgffor@stack=\toks35
\pgffor@toks=\toks36
))
(C:\Users\Shav\AppData\Local\Programs\MiKTeX\tex/generic/pgf/frontendlayer/tikz
\tikz.code.tex
Package: tikz 2020/10/01 v3.1.6a (3.1.6a)

(C:\Users\Shav\AppData\Local\Programs\MiKTeX\tex/generic/pgf/libraries\pgflibra
ryplothandlers.code.tex
File: pgflibraryplothandlers.code.tex 2020/10/01 v3.1.6a (3.1.6a)
\pgf@plot@mark@count=\count433
\pgfplotmarksize=\dimen281
)
\tikz@lastx=\dimen282
\tikz@lasty=\dimen283
\tikz@lastxsaved=\dimen284
\tikz@lastysaved=\dimen285
\tikz@lastmovetox=\dimen286
\tikz@lastmovetoy=\dimen287
\tikzleveldistance=\dimen288
\tikzsiblingdistance=\dimen289
\tikz@figbox=\box108
\tikz@figbox@bg=\box109
\tikz@tempbox=\box110
\tikz@tempbox@bg=\box111
\tikztreelevel=\count434
\tikznumberofchildren=\count435
\tikznumberofcurrentchild=\count436
\tikz@fig@count=\count437

(C:\Users\Shav\AppData\Local\Programs\MiKTeX\tex/generic/pgf/modules\pgfmodulem
atrix.code.tex
File: pgfmodulematrix.code.tex 2020/10/01 v3.1.6a (3.1.6a)
\pgfmatrixcurrentrow=\count438
\pgfmatrixcurrentcolumn=\count439
\pgf@matrix@numberofcolumns=\count440
)
\tikz@expandcount=\count441

(C:\Users\Shav\AppData\Local\Programs\MiKTeX\tex/generic/pgf/frontendlayer/tikz
/libraries\tikzlibrarytopaths.code.tex
File: tikzlibrarytopaths.code.tex 2020/10/01 v3.1.6a (3.1.6a)
)))
(C:\Users\Shav\AppData\Local\Programs\MiKTeX\tex/latex/amsmath\amsmath.sty
Package: amsmath 2020/09/23 v2.17i AMS math features
\@mathmargin=\skip81

For additional information on amsmath, use the `?' option.
(C:\Users\Shav\AppData\Local\Programs\MiKTeX\tex/latex/amsmath\amstext.sty
Package: amstext 2000/06/29 v2.01 AMS text

(C:\Users\Shav\AppData\Local\Programs\MiKTeX\tex/latex/amsmath\amsgen.sty
File: amsgen.sty 1999/11/30 v2.0 generic functions
\@emptytoks=\toks37
\ex@=\dimen290
))
(C:\Users\Shav\AppData\Local\Programs\MiKTeX\tex/latex/amsmath\amsbsy.sty
Package: amsbsy 1999/11/29 v1.2d Bold Symbols
\pmbraise@=\dimen291
)
(C:\Users\Shav\AppData\Local\Programs\MiKTeX\tex/latex/amsmath\amsopn.sty
Package: amsopn 2016/03/08 v2.02 operator names
)
\inf@bad=\count442
LaTeX Info: Redefining \frac on input line 234.
\uproot@=\count443
\leftroot@=\count444
LaTeX Info: Redefining \overline on input line 399.
\classnum@=\count445
\DOTSCASE@=\count446
LaTeX Info: Redefining \ldots on input line 496.
LaTeX Info: Redefining \dots on input line 499.
LaTeX Info: Redefining \cdots on input line 620.
\Mathstrutbox@=\box112
\strutbox@=\box113
\big@size=\dimen292
LaTeX Font Info:    Redeclaring font encoding OML on input line 743.
LaTeX Font Info:    Redeclaring font encoding OMS on input line 744.
\macc@depth=\count447
\c@MaxMatrixCols=\count448
\dotsspace@=\muskip21
\c@parentequation=\count449
\dspbrk@lvl=\count450
\tag@help=\toks38
\row@=\count451
\column@=\count452
\maxfields@=\count453
\andhelp@=\toks39
\eqnshift@=\dimen293
\alignsep@=\dimen294
\tagshift@=\dimen295
\tagwidth@=\dimen296
\totwidth@=\dimen297
\lineht@=\dimen298
\@envbody=\toks40
\multlinegap=\skip82
\multlinetaggap=\skip83
\mathdisplay@stack=\toks41
LaTeX Info: Redefining \[ on input line 2923.
LaTeX Info: Redefining \] on input line 2924.
)
(C:\Users\Shav\AppData\Local\Programs\MiKTeX\tex/latex/l3packages/xfrac\xfrac.s
ty
(C:\Users\Shav\AppData\Local\Programs\MiKTeX\tex/latex/l3packages/l3keys2e\l3ke
ys2e.sty
Package: l3keys2e 2020-10-05 LaTeX2e option processing using LaTeX3 keys
)
(C:\Users\Shav\AppData\Local\Programs\MiKTeX\tex/latex/base\textcomp.sty
Package: textcomp 2020/02/02 v2.0n Standard LaTeX package
)
(C:\Users\Shav\AppData\Local\Programs\MiKTeX\tex/latex/l3packages/xtemplate\xte
mplate.sty
Package: xtemplate 2020-10-05 L3 Experimental prototype document functions
\l__xtemplate_tmp_dim=\dimen299
\l__xtemplate_tmp_int=\count454
\l__xtemplate_tmp_muskip=\muskip22
\l__xtemplate_tmp_skip=\skip84
)
Package: xfrac 2020-10-05 L3 Experimental split-level fractions
\l__xfrac_slash_box=\box114
\l__xfrac_tmp_box=\box115
\l__xfrac_denominator_bot_sep_dim=\dimen300
\l__xfrac_numerator_bot_sep_dim=\dimen301
\l__xfrac_numerator_top_sep_dim=\dimen302
\l__xfrac_slash_left_sep_dim=\dimen303
\l__xfrac_slash_right_sep_dim=\dimen304
\l__xfrac_slash_left_muskip=\muskip23
\l__xfrac_slash_right_muskip=\muskip24

Package xtemplate Info: Declaring object type 'xfrac' taking 3 argument(s) on
(xtemplate)             line 80.

)
(C:\Users\Shav\AppData\Local\Programs\MiKTeX\tex/latex/units\nicefrac.sty
Package: nicefrac 1998/08/04 v0.9b Nice fractions
\L@UnitsRaiseDisplaystyle=\skip85
\L@UnitsRaiseTextstyle=\skip86
\L@UnitsRaiseScriptstyle=\skip87
)
(C:\Users\Shav\AppData\Local\Programs\MiKTeX\tex/generic/pgf/libraries\pgflibra
ryarrows.meta.code.tex
File: pgflibraryarrows.meta.code.tex 2020/10/01 v3.1.6a (3.1.6a)
\pgfarrowinset=\dimen305
\pgfarrowlength=\dimen306
\pgfarrowwidth=\dimen307
\pgfarrowlinewidth=\dimen308
)
Package: chemformula 2020/12/22 v4.16 typeset chemical compounds and reactions 
(CN)
\l__chemformula_tmpa_dim=\dimen309
\l__chemformula_tmpb_dim=\dimen310
\l__chemformula_tmpc_dim=\dimen311
\l__chemformula_tmpa_int=\count455
\l__chemformula_tmpb_int=\count456
\l__chemformula_tmpc_int=\count457
\l__chemformula_tmpa_box=\box116
\l__chemformula_tmpb_box=\box117
\l__chemformula_arrow_length_dim=\dimen312
\l__chemformula_arrow_label_height_dim=\dimen313
\l__chemformula_arrow_label_offset_dim=\dimen314
\l__chemformula_arrow_minimum_length_dim=\dimen315
\l__chemformula_arrow_shortage_dim=\dimen316
\l__chemformula_arrow_offset_dim=\dimen317
\l__chemformula_arrow_yshift_dim=\dimen318
\l__chemformula_radical_radius_dim=\dimen319
\l__chemformula_radical_hshift_dim=\dimen320
\l__chemformula_radical_vshift_dim=\dimen321
\l__chemformula_radical_space_dim=\dimen322
\l__chemformula_arrow_head_dim=\dimen323
\l__chemformula_name_dim=\dimen324
\l__chemformula_adduct_space_dim=\dimen325
\l__chemformula_charge_shift_dim=\dimen326
\l__chemformula_subscript_shift_dim=\dimen327
\l__chemformula_superscript_shift_dim=\dimen328
\l__chemformula_subscript_dim=\dimen329
\l__chemformula_superscript_dim=\dimen330
\l__chemformula_bond_dim=\dimen331
\l__chemformula_bond_space_dim=\dimen332
\l__chemformula_elspec_pair_distance_dim=\dimen333
\l__chemformula_elspec_pair_line_length_dim=\dimen334
\l__chemformula_elspec_pair_width_dim=\dimen335
\l__chemformula_kroegervink_positive_radius_dim=\dimen336
\l__chemformula_kroegervink_positive_hshift_dim=\dimen337
\l__chemformula_kroegervink_positive_vshift_dim=\dimen338
\l__chemformula_kroegervink_positive_space_dim=\dimen339
\l__chemformula_stoich_space_skip=\skip88
\l__chemformula_math_space_skip=\skip89
\l__chemformula_additions_symbol_space_skip=\skip90
\l__chemformula_count_tokens_int=\count458
\g__chemformula_lewis_int=\count459
\l__chemformula_arrow_arg_i_box=\box118
\l__chemformula_arrow_arg_ii_box=\box119
\l__chemformula_superscript_box=\box120
\l__chemformula_subscript_box=\box121
\l__chemformula_plus_space_skip=\skip91
\l__chemformula_minus_space_skip=\skip92
)
(C:\Users\Shav\AppData\Local\Programs\MiKTeX\tex/latex/csvsimple\csvsimple.sty
Package: csvsimple 2019/04/09 version 1.21 LaTeX CSV file processing

(C:\Users\Shav\AppData\Local\Programs\MiKTeX\tex/latex/tools\shellesc.sty
Package: shellesc 2019/11/08 v1.0c unified shell escape interface for LaTeX
Package shellesc Info: Restricted shell escape enabled on input line 77.
)
\csv@file=\read5
\c@csvinputline=\count460
\c@csvrow=\count461
\c@csvcol=\count462
\csv@out=\write5
)
(C:\Users\Shav\AppData\Local\Programs\MiKTeX\tex/latex/tools\longtable.sty
Package: longtable 2020/01/07 v4.13 Multi-page Table package (DPC)
\LTleft=\skip93
\LTright=\skip94
\LTpre=\skip95
\LTpost=\skip96
\LTchunksize=\count463
\LTcapwidth=\dimen340
\LT@head=\box122
\LT@firsthead=\box123
\LT@foot=\box124
\LT@lastfoot=\box125
\LT@cols=\count464
\LT@rows=\count465
\c@LT@tables=\count466
\c@LT@chunks=\count467
\LT@p@ftn=\toks42
)
(C:\Users\Shav\AppData\Local\Programs\MiKTeX\tex/latex/tools\tabularx.sty
Package: tabularx 2020/01/15 v2.11c `tabularx' package (DPC)
\TX@col@width=\dimen341
\TX@old@table=\dimen342
\TX@old@col=\dimen343
\TX@target=\dimen344
\TX@delta=\dimen345
\TX@cols=\count468
\TX@ftn=\toks43
)
(C:\Users\Shav\AppData\Local\Programs\MiKTeX\tex/latex/wrapfig\wrapfig.sty
\wrapoverhang=\dimen346
\WF@size=\dimen347
\c@WF@wrappedlines=\count469
\WF@box=\box126
\WF@everypar=\toks44
Package: wrapfig 2003/01/31  v 3.6
)
(C:\Users\Shav\AppData\Local\Programs\MiKTeX\tex/latex/float\float.sty
Package: float 2001/11/08 v1.3d Float enhancements (AL)
\c@float@type=\count470
\float@exts=\toks45
\float@box=\box127
\@float@everytoks=\toks46
\@floatcapt=\box128
)
(C:\Users\Shav\AppData\Local\Programs\MiKTeX\tex/latex/siunitx\siunitx.sty
Package: siunitx 2020/02/25 v2.8b A comprehensive (SI) units package
\l__siunitx_tmp_box=\box129
\l__siunitx_tmp_dim=\dimen348
\l__siunitx_tmp_int=\count471
\l__siunitx_number_mantissa_length_int=\count472
\l__siunitx_number_uncert_length_int=\count473
\l__siunitx_round_int=\count474
\l__siunitx_process_decimal_int=\count475
\l__siunitx_process_uncertainty_int=\count476
\l__siunitx_process_fixed_int=\count477
\l__siunitx_process_integer_min_int=\count478
\l__siunitx_process_precision_int=\count479
\l__siunitx_group_min_int=\count480
\l__siunitx_angle_marker_box=\box130
\l__siunitx_angle_unit_box=\box131
\l__siunitx_angle_marker_dim=\dimen349
\l__siunitx_angle_unit_dim=\dimen350
\l__siunitx_unit_int=\count481
\l__siunitx_unit_denominator_int=\count482
\l__siunitx_unit_numerator_int=\count483
\l__siunitx_unit_prefix_int=\count484
\l__siunitx_unit_prefix_base_int=\count485
\l__siunitx_unit_prefix_gram_int=\count486
\l__siunitx_number_product_int=\count487
\c__siunitx_one_fill_skip=\skip97
\l__siunitx_table_unit_align_skip=\skip98
\l__siunitx_table_exponent_dim=\dimen351
\l__siunitx_table_integer_dim=\dimen352
\l__siunitx_table_mantissa_dim=\dimen353
\l__siunitx_table_marker_dim=\dimen354
\l__siunitx_table_result_dim=\dimen355
\l__siunitx_table_uncert_dim=\dimen356
\l__siunitx_table_fill_pre_dim=\dimen357
\l__siunitx_table_fill_post_dim=\dimen358
\l__siunitx_table_fill_mid_dim=\dimen359
\l__siunitx_table_pre_box=\box132
\l__siunitx_table_post_box=\box133
\l__siunitx_table_mantissa_box=\box134
\l__siunitx_table_result_box=\box135
\l__siunitx_table_number_align_skip=\skip99
\l__siunitx_table_text_align_skip=\skip100

(C:\Users\Shav\AppData\Local\Programs\MiKTeX\tex/latex/translator\translator.st
y
Package: translator 2020-08-03 v1.12c Easy translation of strings in LaTeX
)) (C:\Users\Shav\AppData\Local\Programs\MiKTeX\tex/latex/graphics\lscape.sty
Package: lscape 2020/05/28 v3.02 Landscape Pages (DPC)
) (C:\Users\Shav\AppData\Local\Programs\MiKTeX\tex/latex/pdflscape\pdflscape.st
y
Package: pdflscape 2019/12/05 v0.12 Display of landscape pages in PDF (HO)
Package pdflscape Info: Auto-detected driver: pdftex on input line 81.
) (C:\Users\Shav\AppData\Local\Programs\MiKTeX\tex/latex/nomencl\nomencl.sty
Package: nomencl 2020/12/29 v5.5 Nomenclature package

(C:\Users\Shav\AppData\Local\Programs\MiKTeX\tex/latex/xkeyval\xkeyval.sty
Package: xkeyval 2014/12/03 v2.7a package option processing (HA)

(C:\Users\Shav\AppData\Local\Programs\MiKTeX\tex/generic/xkeyval\xkeyval.tex
(C:\Users\Shav\AppData\Local\Programs\MiKTeX\tex/generic/xkeyval\xkvutils.tex
\XKV@toks=\toks47
\XKV@tempa@toks=\toks48
)
\XKV@depth=\count488
File: xkeyval.tex 2014/12/03 v2.7a key=value parser (HA)
))
(C:\Users\Shav\AppData\Local\Programs\MiKTeX\tex/latex/koma-script\tocbasic.sty
Package: tocbasic 2020/09/21 v3.32 KOMA-Script package (handling toc-files)
(C:\Users\Shav\AppData\Local\Programs\MiKTeX\tex/latex/koma-script\scrbase.sty
Package: scrbase 2020/09/21 v3.32 KOMA-Script package (KOMA-Script-independent 
basics and keyval usage)

(C:\Users\Shav\AppData\Local\Programs\MiKTeX\tex/latex/koma-script\scrlfile.sty
Package: scrlfile 2020/09/21 v3.32 KOMA-Script package (file load hooks)

(C:\Users\Shav\AppData\Local\Programs\MiKTeX\tex/latex/koma-script\scrlfile-hoo
k.sty
Package: scrlfile-hook 2020/09/21 v3.32 KOMA-Script package (using LaTeX hooks)


(C:\Users\Shav\AppData\Local\Programs\MiKTeX\tex/latex/koma-script\scrlogo.sty
Package: scrlogo 2020/09/21 v3.32 KOMA-Script package (logo)
))))
\scr@dte@tocline@numberwidth=\skip101
\scr@dte@tocline@numbox=\box136
)
Package tocbasic Info: setting babel extension for `nlo' on input line 187.
Package tocbasic Info: setting babel extension for `nls' on input line 188.
\nomlabelwidth=\dimen360
\nom@tempdim=\dimen361
\nomitemsep=\skip102
)
\@nomenclaturefile=\write6
\openout6 = `main.nlo'.

Package nomencl Info: Writing nomenclature file main.nlo on input line 41.
 (C:\Users\Shav\AppData\Local\Programs\MiKTeX\tex/latex/was\gensymb.sty
Package: gensymb 2003/07/02 v1.0 (WaS)
)
(C:\Users\Shav\AppData\Local\Programs\MiKTeX\tex/latex/titlesec\titlesec.sty
Package: titlesec 2019/10/16 v2.13 Sectioning titles
\ttl@box=\box137
\beforetitleunit=\skip103
\aftertitleunit=\skip104
\ttl@plus=\dimen362
\ttl@minus=\dimen363
\ttl@toksa=\toks49
\titlewidth=\dimen364
\titlewidthlast=\dimen365
\titlewidthfirst=\dimen366
)
(C:\Users\Shav\AppData\Local\Programs\MiKTeX\tex/latex/makecell\makecell.sty
Package: makecell 2009/08/03 V0.1e Managing of Tab Column Heads and Cells
\rotheadsize=\dimen367
\c@nlinenum=\count489
\TeXr@lab=\toks50
)
(C:\Users\Shav\AppData\Local\Programs\MiKTeX\tex/latex/booktabs\booktabs.sty
Package: booktabs 2020/01/12 v1.61803398 Publication quality tables
\heavyrulewidth=\dimen368
\lightrulewidth=\dimen369
\cmidrulewidth=\dimen370
\belowrulesep=\dimen371
\belowbottomsep=\dimen372
\aboverulesep=\dimen373
\abovetopsep=\dimen374
\cmidrulesep=\dimen375
\cmidrulekern=\dimen376
\defaultaddspace=\dimen377
\@cmidla=\count490
\@cmidlb=\count491
\@aboverulesep=\dimen378
\@belowrulesep=\dimen379
\@thisruleclass=\count492
\@lastruleclass=\count493
\@thisrulewidth=\dimen380
)
(C:\Users\Shav\AppData\Local\Programs\MiKTeX\tex/generic/pgf/frontendlayer/tikz
/libraries\tikzlibraryshapes.code.tex
File: tikzlibraryshapes.code.tex 2020/10/01 v3.1.6a (3.1.6a)

(C:\Users\Shav\AppData\Local\Programs\MiKTeX\tex/generic/pgf/frontendlayer/tikz
/libraries\tikzlibraryshapes.geometric.code.tex
File: tikzlibraryshapes.geometric.code.tex 2020/10/01 v3.1.6a (3.1.6a)

(C:\Users\Shav\AppData\Local\Programs\MiKTeX\tex/generic/pgf/libraries/shapes\p
gflibraryshapes.geometric.code.tex
File: pgflibraryshapes.geometric.code.tex 2020/10/01 v3.1.6a (3.1.6a)
))
(C:\Users\Shav\AppData\Local\Programs\MiKTeX\tex/generic/pgf/frontendlayer/tikz
/libraries\tikzlibraryshapes.misc.code.tex
File: tikzlibraryshapes.misc.code.tex 2020/10/01 v3.1.6a (3.1.6a)

(C:\Users\Shav\AppData\Local\Programs\MiKTeX\tex/generic/pgf/libraries/shapes\p
gflibraryshapes.misc.code.tex
File: pgflibraryshapes.misc.code.tex 2020/10/01 v3.1.6a (3.1.6a)
))
(C:\Users\Shav\AppData\Local\Programs\MiKTeX\tex/generic/pgf/frontendlayer/tikz
/libraries\tikzlibraryshapes.symbols.code.tex
File: tikzlibraryshapes.symbols.code.tex 2020/10/01 v3.1.6a (3.1.6a)

(C:\Users\Shav\AppData\Local\Programs\MiKTeX\tex/generic/pgf/libraries/shapes\p
gflibraryshapes.symbols.code.tex
File: pgflibraryshapes.symbols.code.tex 2020/10/01 v3.1.6a (3.1.6a)
))
(C:\Users\Shav\AppData\Local\Programs\MiKTeX\tex/generic/pgf/frontendlayer/tikz
/libraries\tikzlibraryshapes.arrows.code.tex
File: tikzlibraryshapes.arrows.code.tex 2020/10/01 v3.1.6a (3.1.6a)

(C:\Users\Shav\AppData\Local\Programs\MiKTeX\tex/generic/pgf/libraries/shapes\p
gflibraryshapes.arrows.code.tex
File: pgflibraryshapes.arrows.code.tex 2020/10/01 v3.1.6a (3.1.6a)
))
(C:\Users\Shav\AppData\Local\Programs\MiKTeX\tex/generic/pgf/frontendlayer/tikz
/libraries\tikzlibraryshapes.callouts.code.tex
(C:\Users\Shav\AppData\Local\Programs\MiKTeX\tex/generic/pgf/libraries/shapes\p
gflibraryshapes.callouts.code.tex))
(C:\Users\Shav\AppData\Local\Programs\MiKTeX\tex/generic/pgf/frontendlayer/tikz
/libraries\tikzlibraryshapes.multipart.code.tex
File: tikzlibraryshapes.multipart.code.tex 2020/10/01 v3.1.6a (3.1.6a)

(C:\Users\Shav\AppData\Local\Programs\MiKTeX\tex/generic/pgf/libraries/shapes\p
gflibraryshapes.multipart.code.tex
File: pgflibraryshapes.multipart.code.tex 2020/10/01 v3.1.6a (3.1.6a)
\pgfnodepartlowerbox=\box138
\pgfnodeparttwobox=\box139
\pgfnodepartthreebox=\box140
\pgfnodepartfourbox=\box141
\pgfnodeparttwentybox=\box142
\pgfnodepartnineteenbox=\box143
\pgfnodeparteighteenbox=\box144
\pgfnodepartseventeenbox=\box145
\pgfnodepartsixteenbox=\box146
\pgfnodepartfifteenbox=\box147
\pgfnodepartfourteenbox=\box148
\pgfnodepartthirteenbox=\box149
\pgfnodeparttwelvebox=\box150
\pgfnodepartelevenbox=\box151
\pgfnodeparttenbox=\box152
\pgfnodepartninebox=\box153
\pgfnodeparteightbox=\box154
\pgfnodepartsevenbox=\box155
\pgfnodepartsixbox=\box156
\pgfnodepartfivebox=\box157
)))
(C:\Users\Shav\AppData\Local\Programs\MiKTeX\tex/generic/pgf/frontendlayer/tikz
/libraries\tikzlibraryarrows.code.tex
File: tikzlibraryarrows.code.tex 2020/10/01 v3.1.6a (3.1.6a)

(C:\Users\Shav\AppData\Local\Programs\MiKTeX\tex/generic/pgf/libraries\pgflibra
ryarrows.code.tex
File: pgflibraryarrows.code.tex 2020/10/01 v3.1.6a (3.1.6a)
\arrowsize=\dimen381
))
(C:\Users\Shav\AppData\Local\Programs\MiKTeX\tex/generic/pgf/frontendlayer/tikz
/libraries\tikzlibrarycalc.code.tex
File: tikzlibrarycalc.code.tex 2020/10/01 v3.1.6a (3.1.6a)
)
(C:\Users\Shav\AppData\Local\Programs\MiKTeX\tex/latex/enumitem\enumitem.sty
Package: enumitem 2019/06/20 v3.9 Customized lists
\labelindent=\skip105
\enit@outerparindent=\dimen382
\enit@toks=\toks51
\enit@inbox=\box158
\enit@count@id=\count494
\enitdp@description=\count495
)
(C:\Users\Shav\AppData\Local\Programs\MiKTeX\tex/latex/tocbibind\tocbibind.sty
Package: tocbibind 2010/10/13 v1.5k extra ToC listings
Package tocbibind Info: The document has section divisions on input line 50.


Package tocbibind Note: Using section or other style headings.

) (C:\Users\Shav\AppData\Local\Programs\MiKTeX\tex/latex/pdfpages\pdfpages.sty
Package: pdfpages 2021/02/05 v0.5s Insert pages of external PDF documents (AM)

(C:\Users\Shav\AppData\Local\Programs\MiKTeX\tex/latex/tools\calc.sty
Package: calc 2017/05/25 v4.3 Infix arithmetic (KKT,FJ)
\calc@Acount=\count496
\calc@Bcount=\count497
\calc@Adimen=\dimen383
\calc@Bdimen=\dimen384
\calc@Askip=\skip106
\calc@Bskip=\skip107
LaTeX Info: Redefining \setlength on input line 80.
LaTeX Info: Redefining \addtolength on input line 81.
\calc@Ccount=\count498
\calc@Cskip=\skip108
)
(C:\Users\Shav\AppData\Local\Programs\MiKTeX\tex/latex/eso-pic\eso-pic.sty
Package: eso-pic 2020/10/14 v3.0a eso-pic (RN)
\ESO@tempdima=\dimen385
\ESO@tempdimb=\dimen386
)
\AM@pagewidth=\dimen387
\AM@pageheight=\dimen388
\AM@fboxrule=\dimen389

(C:\Users\Shav\AppData\Local\Programs\MiKTeX\tex/latex/pdfpages\pppdftex.def
File: pppdftex.def 2021/02/05 v0.5s Pdfpages driver for pdfTeX (AM)
)
\pdfpages@includegraphics@status=\count499
\AM@pagebox=\box159
\AM@global@opts=\toks52
\AM@pagecnt=\count500
\AM@toc@title=\toks53
\c@AM@survey=\count501
\AM@templatesizebox=\box160
)
(C:\Users\Shav\AppData\Local\Programs\MiKTeX\tex/latex/colortbl\colortbl.sty
Package: colortbl 2020/01/04 v1.0e Color table columns (DPC)
\everycr=\toks54
\minrowclearance=\skip109
)
(C:\Users\Shav\AppData\Local\Programs\MiKTeX\tex/latex/setspace\setspace.sty
Package: setspace 2011/12/19 v6.7a set line spacing
)

Package biblatex Warning: 'babel/polyglossia' detected but 'csquotes' missing.
(biblatex)                Loading 'csquotes' recommended.

\@quotelevel=\count502
\@quotereset=\count503
LaTeX Font Info:    Trying to load font information for T1+ptm on input line 81
.
(C:\Users\Shav\AppData\Local\Programs\MiKTeX\tex/latex/psnfss\t1ptm.fd
File: t1ptm.fd 2001/06/04 font definitions for T1/ptm.
)
(main.aux)
\openout1 = `main.aux'.

LaTeX Font Info:    Checking defaults for OML/cmm/m/it on input line 81.
LaTeX Font Info:    ... okay on input line 81.
LaTeX Font Info:    Checking defaults for OMS/cmsy/m/n on input line 81.
LaTeX Font Info:    ... okay on input line 81.
LaTeX Font Info:    Checking defaults for OT1/cmr/m/n on input line 81.
LaTeX Font Info:    ... okay on input line 81.
LaTeX Font Info:    Checking defaults for T1/cmr/m/n on input line 81.
LaTeX Font Info:    ... okay on input line 81.
LaTeX Font Info:    Checking defaults for TS1/cmr/m/n on input line 81.
LaTeX Font Info:    ... okay on input line 81.
LaTeX Font Info:    Checking defaults for OMX/cmex/m/n on input line 81.
LaTeX Font Info:    ... okay on input line 81.
LaTeX Font Info:    Checking defaults for U/cmr/m/n on input line 81.
LaTeX Font Info:    ... okay on input line 81.
LaTeX Font Info:    Checking defaults for PD1/pdf/m/n on input line 81.
LaTeX Font Info:    ... okay on input line 81.

*geometry* driver: auto-detecting
*geometry* detected driver: pdftex
*geometry* verbose mode - [ preamble ] result:
* driver: pdftex
* paper: a4paper
* layout: <same size as paper>
* layoutoffset:(h,v)=(0.0pt,0.0pt)
* modes: 
* h-part:(L,W,R)=(56.9055pt, 483.69687pt, 56.9055pt)
* v-part:(T,H,B)=(56.9055pt, 731.23584pt, 56.9055pt)
* \paperwidth=597.50787pt
* \paperheight=845.04684pt
* \textwidth=483.69687pt
* \textheight=731.23584pt
* \oddsidemargin=-15.36449pt
* \evensidemargin=-15.36449pt
* \topmargin=-52.36449pt
* \headheight=12.0pt
* \headsep=25.0pt
* \topskip=12.0pt
* \footskip=28.90755pt
* \marginparwidth=35.0pt
* \marginparsep=10.0pt
* \columnsep=10.0pt
* \skip\footins=10.8pt plus 4.0pt minus 2.0pt
* \hoffset=0.0pt
* \voffset=0.0pt
* \mag=1000
* \@twocolumnfalse
* \@twosidefalse
* \@mparswitchfalse
* \@reversemarginfalse
* (1in=72.27pt=25.4mm, 1cm=28.453pt)

(C:\Users\Shav\AppData\Local\Programs\MiKTeX\tex/latex/ucs\ucsencs.def
File: ucsencs.def 2011/01/21 Fixes to fontencodings LGR, T3
)
Package caption Info: Begin \AtBeginDocument code.
Package caption Info: float package is loaded.
Package caption Info: hyperref package is loaded.
Package caption Info: longtable package is loaded.

(C:\Users\Shav\AppData\Local\Programs\MiKTeX\tex/latex/caption\ltcaption.sty
Package: ltcaption 2020/05/30 v1.4b longtable captions (AR)
)
Package caption Info: wrapfig package is loaded.
Package caption Info: End \AtBeginDocument code.
Package biblatex Info: Trying to load language 'english'...
Package biblatex Info: ... file 'english.lbx' found.

(C:\Users\Shav\AppData\Local\Programs\MiKTeX\tex/latex/biblatex/lbx\english.lbx
File: english.lbx 2020/08/23 v3.15a biblatex localization (PK/MW)
)
Package biblatex Info: Input encoding 'utf8' detected.
Package biblatex Info: Automatic encoding selection.
(biblatex)             Assuming data encoding 'utf8'.
\openout3 = `main.bcf'.

Package biblatex Info: Trying to load bibliographic data...
Package biblatex Info: ... file 'main.bbl' not found.

No file main.bbl.
Package biblatex Info: Reference section=0 on input line 81.
Package biblatex Info: Reference segment=0 on input line 81.
Package hyperref Info: Link coloring ON on input line 81.
(C:\Users\Shav\AppData\Local\Programs\MiKTeX\tex/latex/hyperref\nameref.sty
Package: nameref 2019/09/16 v2.46 Cross-referencing by name of section

(C:\Users\Shav\AppData\Local\Programs\MiKTeX\tex/latex/refcount\refcount.sty
Package: refcount 2019/12/15 v3.6 Data extraction from label references (HO)
)
(C:\Users\Shav\AppData\Local\Programs\MiKTeX\tex/generic/gettitlestring\gettitl
estring.sty
Package: gettitlestring 2019/12/15 v1.6 Cleanup title references (HO)
)
\c@section@level=\count504
)
LaTeX Info: Redefining \ref on input line 81.
LaTeX Info: Redefining \pageref on input line 81.
LaTeX Info: Redefining \nameref on input line 81.
 (main.out) (main.out)
\@outlinefile=\write7
\openout7 = `main.out'.


(C:\Users\Shav\AppData\Local\Programs\MiKTeX\tex/context/base/mkii\supp-pdf.mki
i
[Loading MPS to PDF converter (version 2006.09.02).]
\scratchcounter=\count505
\scratchdimen=\dimen390
\scratchbox=\box161
\nofMPsegments=\count506
\nofMParguments=\count507
\everyMPshowfont=\toks55
\MPscratchCnt=\count508
\MPscratchDim=\dimen391
\MPnumerator=\count509
\makeMPintoPDFobject=\count510
\everyMPtoPDFconversion=\toks56
)
(C:\Users\Shav\AppData\Local\Programs\MiKTeX\tex/latex/epstopdf-pkg\epstopdf-ba
se.sty
Package: epstopdf-base 2020-01-24 v2.11 Base part for package epstopdf
Package epstopdf-base Info: Redefining graphics rule for `.eps' on input line 4
85.
)
(C:\Users\Shav\AppData\Local\Programs\MiKTeX\tex/latex/siunitx\siunitx-abbrevia
tions.cfg
File: siunitx-abbreviations.cfg 2017/11/26 v2.7k siunitx: Abbreviated units
)
(C:\Users\Shav\AppData\Local\Programs\MiKTeX\tex/latex/translator\translator-ba
sic-dictionary-English.dict
Dictionary: translator-basic-dictionary, Language: English 
)
Package tocbasic Info: usage of `tocbibind' detected on input line 81.


Package tocbasic Warning: `tocbibind' redefinition of `\listoffigures'
(tocbasic)                detected.
(tocbasic)                Note: Loading `tocbibind' without option `notlof'
(tocbasic)                can break several features of `tocbasic'.
(tocbasic)                Loading `tocbibind' before `tocbasic' would avoid
(tocbasic)                this warning message.


Package tocbasic Warning: `tocbibind' redefinition of `\listoftables'
(tocbasic)                detected.
(tocbasic)                Note: Loading `tocbibind' without option `notlot'
(tocbasic)                can break several features of `tocbasic'.
(tocbasic)                Loading `tocbibind' before `tocbasic' would avoid
(tocbasic)                this warning message.

\symgns@font=\mathgroup6
LaTeX Font Info:    Overwriting symbol font `gns@font' in version `bold'
(Font)                  TS1/ptm/m/n --> TS1/ptm/b/n on input line 81.
Package gensymb Info: Math companion symbols declared on input line 81.
LaTeX Info: Redefining \degree on input line 81.
LaTeX Info: Redefining \celsius on input line 81.
Package gensymb Info: Using text companion symbols for \degree, \celsius and \p
erthousand on input line 81.
LaTeX Info: Redefining \ohm on input line 81.
Package gensymb Info: Using \textohm for \ohm on input line 81.
LaTeX Info: Redefining \micro on input line 81.
Package gensymb Info: Using \textmu for \micro on input line 81.
LaTeX Font Info:    Trying to load font information for OT1+ztmcm on input line
 81.
(C:\Users\Shav\AppData\Local\Programs\MiKTeX\tex/latex/psnfss\ot1ztmcm.fd
File: ot1ztmcm.fd 2000/01/03 Fontinst v1.801 font definitions for OT1/ztmcm.
)
LaTeX Font Info:    Trying to load font information for OML+ztmcm on input line
 81.

(C:\Users\Shav\AppData\Local\Programs\MiKTeX\tex/latex/psnfss\omlztmcm.fd
File: omlztmcm.fd 2000/01/03 Fontinst v1.801 font definitions for OML/ztmcm.
)
LaTeX Font Info:    Trying to load font information for OMS+ztmcm on input line
 81.

(C:\Users\Shav\AppData\Local\Programs\MiKTeX\tex/latex/psnfss\omsztmcm.fd
File: omsztmcm.fd 2000/01/03 Fontinst v1.801 font definitions for OMS/ztmcm.
)
LaTeX Font Info:    Trying to load font information for OMX+ztmcm on input line
 81.

(C:\Users\Shav\AppData\Local\Programs\MiKTeX\tex/latex/psnfss\omxztmcm.fd
File: omxztmcm.fd 2000/01/03 Fontinst v1.801 font definitions for OMX/ztmcm.
)
LaTeX Font Info:    Trying to load font information for OT1+ptm on input line 8
1.

(C:\Users\Shav\AppData\Local\Programs\MiKTeX\tex/latex/psnfss\ot1ptm.fd
File: ot1ptm.fd 2001/06/04 font definitions for OT1/ptm.
)
LaTeX Font Info:    Font shape `OT1/ptm/bx/n' in size <12> not available
(Font)              Font shape `OT1/ptm/b/n' tried instead on input line 81.
LaTeX Font Info:    Font shape `OT1/ptm/bx/n' in size <9> not available
(Font)              Font shape `OT1/ptm/b/n' tried instead on input line 81.
LaTeX Font Info:    Font shape `OT1/ptm/bx/n' in size <7> not available
(Font)              Font shape `OT1/ptm/b/n' tried instead on input line 81.
LaTeX Font Info:    Trying to load font information for TS1+ptm on input line 8
1.

(C:\Users\Shav\AppData\Local\Programs\MiKTeX\tex/latex/psnfss\ts1ptm.fd
File: ts1ptm.fd 2001/06/04 font definitions for TS1/ptm.
)
<CoverPage.pdf, id=73, 1061.46562pt x 1693.82813pt>
File: CoverPage.pdf Graphic file (type pdf)
<use CoverPage.pdf>
Package pdftex.def Info: CoverPage.pdf  used on input line 84.
(pdftex.def)             Requested size: 1061.46303pt x 1693.824pt.
File: CoverPage.pdf Graphic file (type pdf)
<use CoverPage.pdf>
Package pdftex.def Info: CoverPage.pdf  used on input line 84.
(pdftex.def)             Requested size: 1061.46303pt x 1693.824pt.
<CoverPage.pdf, id=76, page=1, 1061.46562pt x 1693.82813pt>
File: CoverPage.pdf Graphic file (type pdf)
<use CoverPage.pdf, page 1>
Package pdftex.def Info: CoverPage.pdf , page1 used on input line 84.
(pdftex.def)             Requested size: 1061.46303pt x 1693.824pt.
File: CoverPage.pdf Graphic file (type pdf)
<use CoverPage.pdf, page 1>
Package pdftex.def Info: CoverPage.pdf , page1 used on input line 84.
(pdftex.def)             Requested size: 1197.33664pt x 1910.6436pt.
File: CoverPage.pdf Graphic file (type pdf)
<use CoverPage.pdf, page 1>
Package pdftex.def Info: CoverPage.pdf , page1 used on input line 84.
(pdftex.def)             Requested size: 1197.33664pt x 1910.6436pt.
File: CoverPage.pdf Graphic file (type pdf)
<use CoverPage.pdf, page 1>
Package pdftex.def Info: CoverPage.pdf , page1 used on input line 84.
(pdftex.def)             Requested size: 1197.33664pt x 1910.6436pt.
File: CoverPage.pdf Graphic file (type pdf)
<use CoverPage.pdf, page 1>
Package pdftex.def Info: CoverPage.pdf , page1 used on input line 84.
(pdftex.def)             Requested size: 1197.33664pt x 1910.6436pt.

[1

 <./CoverPage.pdf>] (main.toc)
\tf@toc=\write8
\openout8 = `main.toc'.

 [1{C:/Users/Shav/AppData/Local/MiKTeX/pdftex/config/pdftex.map}] (nomenclature
.tex)
No file main.nls.
LaTeX Font Info:    Trying to load font information for T1+lmss on input line 1
03.
(C:\Users\Shav\AppData\Local\Programs\MiKTeX\tex/latex/lm\t1lmss.fd
File: t1lmss.fd 2009/10/30 v1.6 Font defs for Latin Modern
)
(sections/introduction.tex
! Misplaced alignment tab character &.
l.18 ...this report outlines (the design methods &
                                                   our findings)
I can't figure out why you would want to use a tab mark
here. If you just want an ampersand, the remedy is
simple: Just type `I\&' now. But if some right brace
up above has ended a previous alignment prematurely,
you're probably due for more error messages, and you
might try typing `S' now just to see what is salvageable.


LaTeX Warning: Citation 'Caliman' on page 1 undefined on input line 25.

) (sections/choiceofsep.tex
! Misplaced alignment tab character &.
l.12 ...(include a brief sentence about decanter &
                                                   flash being required befo...
I can't figure out why you would want to use a tab mark
here. If you just want an ampersand, the remedy is
simple: Just type `I\&' now. But if some right brace
up above has ended a previous alignment prematurely,
you're probably due for more error messages, and you
might try typing `S' now just to see what is salvageable.

pdfTeX warning (ext4): destination with the same identifier (name{page.1}) has 
been already used, duplicate ignored
<to be read again> 
                   \relax 
l.34     \item F
                indings from patents, what they showed & how we incorporated...
[1

]
! Misplaced alignment tab character &.
l.34 ... Findings from patents, what they showed &
                                                   how we incorporated / mod...
I can't figure out why you would want to use a tab mark
here. If you just want an ampersand, the remedy is
simple: Just type `I\&' now. But if some right brace
up above has ended a previous alignment prematurely,
you're probably due for more error messages, and you
might try typing `S' now just to see what is salvageable.

! Misplaced alignment tab character &.
l.43 ... if headings should capitalise each word &
                                                   caption table
I can't figure out why you would want to use a tab mark
here. If you just want an ampersand, the remedy is
simple: Just type `I\&' now. But if some right brace
up above has ended a previous alignment prematurely,
you're probably due for more error messages, and you
might try typing `S' now just to see what is salvageable.

! Missing $ inserted.
<inserted text> 
                $
l.50 ...y \\ Parameter\\ (MPa^{1/2})\end{tabular}}
                                                   & \multicolumn{1}{c|}{\be...
I've inserted a begin-math/end-math symbol since I think
you left one out. Proceed, with fingers crossed.

! Missing $ inserted.
<inserted text> 
                $
l.50 ...y \\ Parameter\\ (MPa^{1/2})\end{tabular}}
                                                   & \multicolumn{1}{c|}{\be...
I've inserted something that you may have forgotten.
(See the <inserted text> above.)
With luck, this will get me unwedged. But if you
really didn't forget anything, try typing `2' now; then
my insertion and my current dilemma will both disappear.


Overfull \hbox (324.68735pt too wide) in paragraph at lines 48--57
[][] 
 []

) (sections/sepmodelling.tex [2]
LaTeX Font Info:    Trying to load font information for TS1+lmss on input line 
37.

(C:\Users\Shav\AppData\Local\Programs\MiKTeX\tex/latex/lm\ts1lmss.fd
File: ts1lmss.fd 2009/10/30 v1.6 Font defs for Latin Modern
) [3])
[4]

LaTeX Warning: Empty bibliography on input line 110.

(appendices/appendix-one.tex
<figures/Permethrin.PNG, id=198, 714.16812pt x 144.03813pt>
File: figures/Permethrin.PNG Graphic file (type png)
<use figures/Permethrin.PNG>
Package pdftex.def Info: figures/Permethrin.PNG  used on input line 43.
(pdftex.def)             Requested size: 483.69687pt x 97.5556pt.
) [5 <./figures/Permethrin.PNG>] (main.aux)
Package rerunfilecheck Info: File `main.out' has not changed.
(rerunfilecheck)             Checksum: 4352A63DCEC72F211D9F7F142F244B41;1305.


LaTeX Warning: There were undefined references.


Package biblatex Warning: Please (re)run Biber on the file:
(biblatex)                main
(biblatex)                and rerun LaTeX afterwards.

Package logreq Info: Writing requests to 'main.run.xml'.
\openout1 = `main.run.xml'.

 ) 
Here is how much of TeX's memory you used:
 37469 strings out of 480257
 776126 string characters out of 2881910
 1657483 words of memory out of 3000000
 53252 multiletter control sequences out of 15000+200000
 579127 words of font info for 85 fonts, out of 3000000 for 9000
 1141 hyphenation exceptions out of 8191
 108i,18n,110p,1131b,1735s stack positions out of 5000i,500n,10000p,200000b,50000s
{C:/Users/Shav/AppData/Local/Programs/MiKTeX/fonts/enc/dvips/base/8r.enc}{C:/
Users/Shav/AppData/Local/Programs/MiKTeX/fonts/enc/dvips/lm/lm-ts1.enc}{C:/User
s/Shav/AppData/Local/Programs/MiKTeX/fonts/enc/dvips/lm/lm-ec.enc}<C:/Users/Sha
v/AppData/Local/Programs/MiKTeX/fonts/type1/public/amsfonts/cm/cmmi10.pfb><C:/U
sers/Shav/AppData/Local/Programs/MiKTeX/fonts/type1/public/amsfonts/cm/cmr10.pf
b><C:/Users/Shav/AppData/Local/Programs/MiKTeX/fonts/type1/public/lm/lmss12.pfb
><C:/Users/Shav/AppData/Local/Programs/MiKTeX/fonts/type1/urw/times/utmb8a.pfb>
<C:/Users/Shav/AppData/Local/Programs/MiKTeX/fonts/type1/urw/times/utmr8a.pfb><
C:/Users/Shav/AppData/Local/Programs/MiKTeX/fonts/type1/urw/times/utmri8a.pfb>
Output written on main.pdf (7 pages, 4609995 bytes).
PDF statistics:
 242 PDF objects out of 1000 (max. 8388607)
 26 named destinations out of 1000 (max. 500000)
 174 words of extra memory for PDF output out of 10000 (max. 10000000)

